Error: ESOCKETTIMEDOUT
TypeError: 1048576.fixed is not a function
TypeError: 1048576.fixed is not a function
TypeError: 1048576.fixed is not a function
TypeError: 1048576.fixed is not a function
TypeError: 1048576.fixed is not a function
TypeError: 1048576.fixed is not a function
Error: ETIMEDOUT
Error: ETIMEDOUT
TypeError: Number(...).fixed is not a function
TypeError: Number(...).fixed is not a function
TypeError: Number(...).fixed is not a function
Error: ESOCKETTIMEDOUT
Error: ETIMEDOUT
Error: ESOCKETTIMEDOUT
Error: ETIMEDOUT
Error: ETIMEDOUT
Error: ESOCKETTIMEDOUT
Error: ESOCKETTIMEDOUT
Error: ETIMEDOUT
Error: ESOCKETTIMEDOUT
Error: ER_DATA_TOO_LONG: Data too long for column 'intro' at row 1
Error: ER_DATA_TOO_LONG: Data too long for column 'intro' at row 1
Error: ER_DATA_TOO_LONG: Data too long for column 'title' at row 11
Error: ER_DATA_TOO_LONG: Data too long for column 'intro' at row 1
Error: ER_DATA_TOO_LONG: Data too long for column 'title' at row 11
Error: ER_DATA_TOO_LONG: Data too long for column 'intro' at row 1
Error: ER_DATA_TOO_LONG: Data too long for column 'title' at row 11
